Thu May 25 16:46:11 CEST 2017 : Server di rete Apache Derby: 10.11.1.2 - (1629631) avviato e pronto ad accettare connessioni sulla porta 1527
----------------------------------------------------------------
Thu May 25 16:46:11 CEST 2017:
Avvio della versione di Derby The Apache Software Foundation - Apache Derby - 10.11.1.2 - (1629631): istanza a816c00e-015c-4012-7849-0000294c140c
sulla directory di database C:\Users\marta_nga0hmy\Documents\NetBeansProjects\progetto_amm2\WebApplication1\web\WEB-INF\db\ammdb con caricatore classi sun.misc.Launcher$AppClassLoader@6f94fa3e 
Caricato da file:/C:/Program%20Files/Java/jdk1.8.0_121/db/lib/derby.jar
java.vendor=Oracle Corporation
java.runtime.version=1.8.0_121-b13
user.dir=C:\Program Files\Java\jdk1.8.0_121\db
os.name=Windows 10
os.arch=amd64
os.version=10.0
derby.system.home=C:\Users\marta_nga0hmy\Documents\NetBeansProjects\progetto_amm2\WebApplication1\web\WEB-INF\db
Programma di caricamento classe database avviato - derby.database.classpath=''
----------------------------------------------------------------
Thu May 25 16:46:35 CEST 2017:
Arresto dell'istanza a816c00e-015c-4012-7849-0000294c140c nella directory del database C:\Users\marta_nga0hmy\Documents\NetBeansProjects\progetto_amm2\WebApplication1\web\WEB-INF\db\ammdb con il caricatore di classi sun.misc.Launcher$AppClassLoader@6f94fa3e 
Thu May 25 16:46:35 CEST 2017 Thread[DRDAConnThread_2,5,main] (DATABASE = ammdb), (DRDAID = {2}), Chiusura del database 'ammdb'.
----------------------------------------------------------------
Thu May 25 16:46:44 CEST 2017:
Avvio della versione di Derby The Apache Software Foundation - Apache Derby - 10.11.1.2 - (1629631): istanza a65c80ac-015c-4012-7849-0000294c140c
sulla directory di database C:\Users\marta_nga0hmy\Documents\NetBeansProjects\progetto_amm2\WebApplication1\web\WEB-INF\db\ammdb con caricatore classi sun.misc.Launcher$AppClassLoader@6f94fa3e 
Caricato da file:/C:/Program%20Files/Java/jdk1.8.0_121/db/lib/derby.jar
java.vendor=Oracle Corporation
java.runtime.version=1.8.0_121-b13
user.dir=C:\Program Files\Java\jdk1.8.0_121\db
os.name=Windows 10
os.arch=amd64
os.version=10.0
derby.system.home=C:\Users\marta_nga0hmy\Documents\NetBeansProjects\progetto_amm2\WebApplication1\web\WEB-INF\db
Programma di caricamento classe database avviato - derby.database.classpath=''
----------------------------------------------------------------
Thu May 25 17:09:10 CEST 2017: arresto in corso del motore di Derby
