Tue May 16 12:45:35 CEST 2017 : Server di rete Apache Derby: 10.11.1.2 - (1629631) avviato e pronto ad accettare connessioni sulla porta 1527
----------------------------------------------------------------
Tue May 16 12:49:32 CEST 2017:
Avvio della versione di Derby The Apache Software Foundation - Apache Derby - 10.11.1.2 - (1629631): istanza a816c00e-015c-10dc-f78c-00007c2fcdb4
sulla directory di database C:\Users\marta_nga0hmy\Documents\NetBeansProjects\progetto_amm2\WebApplication1\web\WEB-INF\db-definition\NerdBook_DB con caricatore classi sun.misc.Launcher$AppClassLoader@6f94fa3e 
Caricato da file:/C:/Program%20Files/Java/jdk1.8.0_121/db/lib/derby.jar
java.vendor=Oracle Corporation
java.runtime.version=1.8.0_121-b13
user.dir=C:\Program Files\Java\jdk1.8.0_121\db
os.name=Windows 10
os.arch=amd64
os.version=10.0
derby.system.home=C:\Users\marta_nga0hmy\Documents\NetBeansProjects\progetto_amm2\WebApplication1\web\WEB-INF\db-definition
Programma di caricamento classe database avviato - derby.database.classpath=''
----------------------------------------------------------------
Tue May 16 13:07:56 CEST 2017: arresto in corso del motore di Derby
----------------------------------------------------------------
Tue May 16 13:07:56 CEST 2017:
Arresto dell'istanza a816c00e-015c-10dc-f78c-00007c2fcdb4 nella directory del database C:\Users\marta_nga0hmy\Documents\NetBeansProjects\progetto_amm2\WebApplication1\web\WEB-INF\db-definition\NerdBook_DB con il caricatore di classi sun.misc.Launcher$AppClassLoader@6f94fa3e 
----------------------------------------------------------------
